 ---=== Start Migration of project InegiReporte ===---
 * Task [ResetMavenTemplateMigrationTask] : Applied successfully
 * Task [UpdateJobPomPropertiesMigrationTask] : Applied successfully
 * Task [MoveToDockerfileTemplateMigrationtask] : Nothing to do
 * Task [Fix a problem of project resources linked to items] : Nothing to do
 * Task [ConsumerFaultResponseMigrationTask] : Applied successfully
 * Task [UpdateTMultiPatternCheckTask] : Applied successfully
 * Task [UnifyPasswordEncryption4MDMConnectionMigrationTask] : Nothing to do
 * Task [UnifyPasswordEncryption4SapConnectionMigrationTask] : Nothing to do
 * Task [SAPItemMigrationTask] : Nothing to do
 * Task [SAPComponentSchemaIdMigrationTask] : Applied successfully
 * Task [MdmAddVersionMigrationTask] : Nothing to do
 * Task [SAPDatePatternItemMigrationTask] : Nothing to do
 * Task [SAPDatePatternComponentMigrationTask] : Nothing to do
 * Task [Update parameter "Matching Algorithm" value for MR tMatchgroup] : Nothing to do
 * Task [Update tMelissaDataAddress to add a GeoCodeResult column and an advanced parameter] : Nothing to do
 * Task [TestCaseParentVersionMigration] : Nothing to do
 * Task [UpdatetNaivebayseModelSparkVersionTask] : Nothing to do
 * Task [UpdatetPredictSparkVersionTask] : Nothing to do
 * Task [UpdateTMatchGroupOutPutSchemaTask] : Nothing to do
 * Task [update tPatternCheck and tPatternExtract] : Nothing to do
 * Task [UpdateTMultiPatternTableParamTask] : Nothing to do
 * Task [Update TmatchGroup "ComputeGrpQuality" Param] : Nothing to do
 * Task [TestCaseRoutinesMigrationTask] : Nothing to do
 * Task [UpdateTStandadizePhoneNumberTask] : Nothing to do
 * Task [ReplaceDefaultProxyIPMigrationTask] : Nothing to do
 * Task [SAPADSOConnectionTypeItemMigrationTask] : Nothing to do
 * Task [SAPADSOCategoryMigrationTask] : Nothing to do
 * Task [UpdateTDataMaskAddParamTask] : Nothing to do
 * Task [UpdateTmatchGroupGIDLengthTask] : Nothing to do
 * Task [UpdateTDataEncryptAndDecryptParamTask] : Nothing to do
 * Task [RevertSAPContextModeAdditionalPropMigrationTask] : Nothing to do
 * Task [UpdateTDataQualityRulesWebAppTask] : Nothing to do
 * Task [AutoUpdateRelationsMigrationTask] : Applied successfully
 ---=== End of migration ===---
